%%%%%%%%%%%%%%%%%%%%%%%%%%%%%%%%%%%%%%%%%%%%%%%%%%%%%%%%%%%%%%%%%%%%%%%%%%%%%%%%
                          S u m m a r y   R e p o r t
%%%%%%%%%%%%%%%%%%%%%%%%%%%%%%%%%%%%%%%%%%%%%%%%%%%%%%%%%%%%%%%%%%%%%%%%%%%%%%%%

Compilation
-----------
File     : /cray/css/users/smehta/PENNANT-SC/PENNANT/src/main.cc
Compiled : 2020-06-04  18:09:44
Compiler : Version 10.0.x.x
Ftnlx    : Version 10.0.x.x 
Target   : arm64
Command  : driver.CC -h cpu=arm-nsp1 -h network=aries -h dynamic -D __CRAYXC
           -D __CRAY_ARM_NSP1 -D __CRAY_AARCH64
           -D __CRAYXT_COMPUTE_LINUX_TARGET -h list=m -h omp -D USE_MPI -h omp
           -c -o build/main.o src/main.cc
           -W l,-rpath=/cray/css/compiler/builds/release/cce/10.0.20200603211505
           _15e263491fba367aa4f23381e4b9aafeb285582e/cce/aarch64/lib
           -isystem /cray/css/compiler/builds/release/cce/10.0.20200603211505_15
           e263491fba367aa4f23381e4b9aafeb285582e/cce/aarch64/include/craylibs
           -isystem /opt/gcc/8.1.0/snos/include/g++
           -isystem /opt/gcc/8.1.0/snos/include/g++/aarch64-unknown-linux-gnu
           -isystem /opt/gcc/8.1.0/snos/include/g++/backward
           -isystem /opt/gcc/8.1.0/snos/lib/gcc/aarch64-unknown-linux-gnu/8.1.0/
           include
           -isystem /opt/gcc/8.1.0/snos/lib/gcc/aarch64-unknown-linux-gnu/8.1.0/
           include-fixed
           -isystem /cray/css/compiler/builds/release/cce/10.0.20200603211505_15
           e263491fba367aa4f23381e4b9aafeb285582e/cce/aarch64/include/c++
           -isystem /cray/css/compiler/builds/release/cce/10.0.20200603211505_15
           e263491fba367aa4f23381e4b9aafeb285582e/cce/aarch64/include/basic
           -isystem /opt/gcc/8.1.0/snos/include
           -isystem /cray/css/pesim/armv8-sve-cross/moduledirs/aarch64-sle-sysro
           ot/12.1/usr/include
           -I /cray/css/pesim/armv8-sve-cross/moduledirs/anl-mpich/3.2.0.4/aarch
           64/gige/mpich-cray/8.6/include

clx report
------------
Source   : /cray/css/users/smehta/PENNANT-SC/PENNANT/src/main.cc
Date     : 06/04/2020  18:09:46


%%%%%%%%%%%%%%%%%%%%%%%%%%%%%%%%%%%%%%%%%%%%%%%%%%%%%%%%%%%%%%%%%%%%%%%%%%%%%%%%
                          S o u r c e   L i s t i n g
%%%%%%%%%%%%%%%%%%%%%%%%%%%%%%%%%%%%%%%%%%%%%%%%%%%%%%%%%%%%%%%%%%%%%%%%%%%%%%%%


     %%%    L o o p m a r k   L e g e n d    %%%

     Primary Loop Type        Modifiers
     ------- ---- ----        ---------
     A - Pattern matched      a - atomic memory operation
                              b - blocked
     C - Collapsed            c - conditional and/or computed
     D - Deleted               
     E - Cloned                
     F - Flat - No calls      f - fused
     G - Accelerated          g - partitioned
     I - Inlined              i - interchanged
     M - Multithreaded        m - partitioned
                              n - non-blocking remote transfer
                              p - partial
     R - Rerolling            r - unrolled
                              s - shortloop
     V - Vectorized           w - unwound

     + - More messages listed at end of listing
     ------------------------------------------


    1.              /*
    2.               * main.cc
    3.               *
    4.               *  Created on: Jan 23, 2012
    5.               *      Author: cferenba
    6.               *
    7.               * Copyright (c) 2012, Triad National Security, LLC.
    8.               * All rights reserved.
    9.               * Use of this source code is governed by a BSD-style open-source
   10.               * license; see top-level LICENSE file for full license text.
   11.               */
   12.              
   13.              #include <cstdlib>
   14.              #include <string>
   15.              #include <iostream>
   16.              
   17.              #include "Parallel.hh"
   18.              #include "InputFile.hh"
   19.              #include "Driver.hh"
   20.              
   21.              using namespace std;
   22.              
   23.              
   24.              int main(const int argc, const char** argv)
   25.              {
   26.  +               Parallel::init();
   27.              
   28.                  if (argc != 2) {
   29.                      if (Parallel::mype == 0)
   30.  +                       cerr << "Usage: pennant <filename>" << endl;
   31.  +                   exit(1);
   32.                  }
   33.              
   34.                  const char* filename = argv[1];
   35.  +               InputFile inp(filename);
   36.              
   37.  +               string probname(filename);
   38.                  // strip .pnt suffix from filename
   39.  +               int len = probname.length();
   40.  + Ip            if (probname.substr(len - 4, 4) == ".pnt")
   41.  +                   probname = probname.substr(0, len - 4);
   42.              
   43.  +               Driver drv(&inp, probname);
   44.              
   45.  +               drv.run();
   46.              
   47.  +               Parallel::final();
   48.              
   49.  +               return 0;
   50.              
   51.              }
   52.              
   53.              
   54.              

CC-3021 CC: IPA __sti___75e91a9a_main, File = iostream, Line = 74, Column = 25 
  "Init" was not inlined because the compiler was unable to locate the routine.

CC-3021 CC: IPA main, File = main.cc, Line = 26, Column = 5 
  "init" was not inlined because the compiler was unable to locate the routine.

CC-3021 CC: IPA main, File = main.cc, Line = 30, Column = 13 
  "operator<<<char_traits<char>>" was not inlined because the compiler was unable to locate the routine.

CC-3021 CC: IPA main, File = main.cc, Line = 30, Column = 13 
  "operator<<" was not inlined because the compiler was unable to locate the routine.

CC-3021 CC: IPA main, File = main.cc, Line = 31, Column = 9 
  "exit" was not inlined because the compiler was unable to locate the routine.

CC-3021 CC: IPA main, File = main.cc, Line = 35, Column = 15 
  "InputFile" was not inlined because the compiler was unable to locate the routine.

CC-3021 CC: IPA main, File = main.cc, Line = 37, Column = 12 
  "allocator" was not inlined because the compiler was unable to locate the routine.

CC-3021 CC: IPA main, File = main.cc, Line = 37, Column = 12 
  "basic_string" was not inlined because the compiler was unable to locate the routine.

CC-3021 CC: IPA main, File = main.cc, Line = 37, Column = 12 
  "~allocator" was not inlined because the compiler was unable to locate the routine.

CC-3021 CC: IPA main, File = main.cc, Line = 39, Column = 13 
  "length" was not inlined because the compiler was unable to locate the routine.

CC-3021 CC: IPA main, File = main.cc, Line = 40, Column = 5 
  "substr" was not inlined because the compiler was unable to locate the routine.

CC-3001 CC: IPA main, File = main.cc, Line = 40, Column = 5 
  Tiny routine "operator==<char, char_traits<char>, allocator<char>>"(/cray/css/users/smehta/PENNANT-SC/PENNANT/src/main.cc:6043)
  was textually inlined.  NOT INLINED:  compare.

CC-3021 CC: IPA main, File = main.cc, Line = 40, Column = 5 
  "~basic_string" was not inlined because the compiler was unable to locate the routine.

CC-3021 CC: IPA main, File = main.cc, Line = 41, Column = 9 
  "substr" was not inlined because the compiler was unable to locate the routine.

CC-3021 CC: IPA main, File = main.cc, Line = 41, Column = 9 
  "operator=" was not inlined because the compiler was unable to locate the routine.

CC-3021 CC: IPA main, File = main.cc, Line = 41, Column = 9 
  "~basic_string" was not inlined because the compiler was unable to locate the routine.

CC-3021 CC: IPA main, File = main.cc, Line = 43, Column = 12 
  "Driver" was not inlined because the compiler was unable to locate the routine.

CC-3021 CC: IPA main, File = main.cc, Line = 45, Column = 5 
  "run" was not inlined because the compiler was unable to locate the routine.

CC-3021 CC: IPA main, File = main.cc, Line = 47, Column = 5 
  "final" was not inlined because the compiler was unable to locate the routine.

CC-3021 CC: IPA main, File = main.cc, Line = 49, Column = 5 
  "~Driver" was not inlined because the compiler was unable to locate the routine.

CC-3021 CC: IPA main, File = main.cc, Line = 49, Column = 5 
  "~basic_string" was not inlined because the compiler was unable to locate the routine.

CC-3021 CC: IPA main, File = main.cc, Line = 49, Column = 5 
  "~InputFile" was not inlined because the compiler was unable to locate the routine.


%%%%%%%%%%%%%%%%%%%%%%%%%%%%%%%%%%%%%%%%%%%%%%%%%%%%%%%%%%%%%%%%%%%%%%%%%%%%%%%%
%%%%%%%%%%%%%%%%%%%%%%%%%%%%%%%%%%%%%%%%%%%%%%%%%%%%%%%%%%%%%%%%%%%%%%%%%%%%%%%%
