%%%%%%%%%%%%%%%%%%%%%%%%%%%%%%%%%%%%%%%%%%%%%%%%%%%%%%%%%%%%%%%%%%%%%%%%%%%%%%%%
                          S u m m a r y   R e p o r t
%%%%%%%%%%%%%%%%%%%%%%%%%%%%%%%%%%%%%%%%%%%%%%%%%%%%%%%%%%%%%%%%%%%%%%%%%%%%%%%%

Compilation
-----------
File     : /cray/css/users/smehta/PENNANT-SC/PENNANT/src/WriteXY.cc
Compiled : 2020-06-04  18:09:44
Compiler : Version 10.0.x.x
Ftnlx    : Version 10.0.x.x 
Target   : arm64
Command  : driver.CC -h cpu=arm-nsp1 -h network=aries -h dynamic -D __CRAYXC
           -D __CRAY_ARM_NSP1 -D __CRAY_AARCH64
           -D __CRAYXT_COMPUTE_LINUX_TARGET -h list=m -h omp -D USE_MPI -h omp
           -c -o build/WriteXY.o src/WriteXY.cc
           -W l,-rpath=/cray/css/compiler/builds/release/cce/10.0.20200603211505
           _15e263491fba367aa4f23381e4b9aafeb285582e/cce/aarch64/lib
           -isystem /cray/css/compiler/builds/release/cce/10.0.20200603211505_15
           e263491fba367aa4f23381e4b9aafeb285582e/cce/aarch64/include/craylibs
           -isystem /opt/gcc/8.1.0/snos/include/g++
           -isystem /opt/gcc/8.1.0/snos/include/g++/aarch64-unknown-linux-gnu
           -isystem /opt/gcc/8.1.0/snos/include/g++/backward
           -isystem /opt/gcc/8.1.0/snos/lib/gcc/aarch64-unknown-linux-gnu/8.1.0/
           include
           -isystem /opt/gcc/8.1.0/snos/lib/gcc/aarch64-unknown-linux-gnu/8.1.0/
           include-fixed
           -isystem /cray/css/compiler/builds/release/cce/10.0.20200603211505_15
           e263491fba367aa4f23381e4b9aafeb285582e/cce/aarch64/include/c++
           -isystem /cray/css/compiler/builds/release/cce/10.0.20200603211505_15
           e263491fba367aa4f23381e4b9aafeb285582e/cce/aarch64/include/basic
           -isystem /opt/gcc/8.1.0/snos/include
           -isystem /cray/css/pesim/armv8-sve-cross/moduledirs/aarch64-sle-sysro
           ot/12.1/usr/include
           -I /cray/css/pesim/armv8-sve-cross/moduledirs/anl-mpich/3.2.0.4/aarch
           64/gige/mpich-cray/8.6/include

clx report
------------
Source   : /cray/css/users/smehta/PENNANT-SC/PENNANT/src/WriteXY.cc
Date     : 06/04/2020  18:09:47


%%%%%%%%%%%%%%%%%%%%%%%%%%%%%%%%%%%%%%%%%%%%%%%%%%%%%%%%%%%%%%%%%%%%%%%%%%%%%%%%
                          S o u r c e   L i s t i n g
%%%%%%%%%%%%%%%%%%%%%%%%%%%%%%%%%%%%%%%%%%%%%%%%%%%%%%%%%%%%%%%%%%%%%%%%%%%%%%%%


     %%%    L o o p m a r k   L e g e n d    %%%

     Primary Loop Type        Modifiers
     ------- ---- ----        ---------
     A - Pattern matched      a - atomic memory operation
                              b - blocked
     C - Collapsed            c - conditional and/or computed
     D - Deleted               
     E - Cloned                
     F - Flat - No calls      f - fused
     G - Accelerated          g - partitioned
     I - Inlined              i - interchanged
     M - Multithreaded        m - partitioned
                              n - non-blocking remote transfer
                              p - partial
     R - Rerolling            r - unrolled
                              s - shortloop
     V - Vectorized           w - unwound

     + - More messages listed at end of listing
     ------------------------------------------


    1.                /*
    2.                 * WriteXY.cc
    3.                 *
    4.                 *  Created on: Dec 16, 2013
    5.                 *      Author: cferenba
    6.                 *
    7.                 * Copyright (c) 2013, Triad National Security, LLC.
    8.                 * All rights reserved.
    9.                 * Use of this source code is governed by a BSD-style open-source
   10.                 * license; see top-level LICENSE file for full license text.
   11.                 */
   12.                
   13.                #include "WriteXY.hh"
   14.                
   15.                #include <fstream>
   16.                #include <iomanip>
   17.                
   18.                #include "Parallel.hh"
   19.                #include "Mesh.hh"
   20.                
   21.                using namespace std;
   22.                
   23.                
   24.                WriteXY::WriteXY(Mesh* m) : mesh(m) {}
   25.                
   26.                WriteXY::~WriteXY() {}
   27.                
   28.                
   29.                void WriteXY::write(
   30.                        const string& basename,
   31.                        const double* zr,
   32.                        const double* ze,
   33.                        const double* zp) {
   34.                
   35.                    using Parallel::numpe;
   36.                    using Parallel::mype;
   37.                    const int numz = mesh->numz;
   38.                
   39.                    int gnumz = numz;
   40.  +                 Parallel::globalSum(gnumz);
   41.                    gnumz = (mype == 0 ? gnumz : 0);
   42.  + Ip  I           vector<int> penumz(mype == 0 ? numpe : 0);
   43.  + I               Parallel::gather(numz, &penumz[0]);
   44.                
   45.  + Ip  I           vector<double> gzr(gnumz), gze(gnumz), gzp(gnumz);
   46.  + I               Parallel::gatherv(&zr[0], numz, &gzr[0], &penumz[0]);
   47.  + I               Parallel::gatherv(&ze[0], numz, &gze[0], &penumz[0]);
   48.  + I               Parallel::gatherv(&zp[0], numz, &gzp[0], &penumz[0]);
   49.                
   50.                    if (mype == 0) {
   51.  +                     string xyname = basename + ".xy";
   52.  +                     ofstream ofs(xyname.c_str());
   53.  + I                   ofs << scientific << setprecision(8);
   54.  +                     ofs << "#  zr" << endl;
   55.  + 1---------<         for (int z = 0; z < gnumz; ++z) {
   56.  + 1 I                     ofs << setw(5) << (z + 1) << setw(18) << gzr[z] << endl;
   57.    1--------->         }
   58.  +                     ofs << "#  ze" << endl;
   59.  + 1---------<         for (int z = 0; z < gnumz; ++z) {
   60.  + 1 I                     ofs << setw(5) << (z + 1) << setw(18) << gze[z] << endl;
   61.    1--------->         }
   62.  +                     ofs << "#  zp" << endl;
   63.  + 1---------<         for (int z = 0; z < gnumz; ++z) {
   64.  + 1 I                     ofs << setw(5) << (z + 1) << setw(18) << gzp[z] << endl;
   65.    1--------->         }
   66.  +                     ofs.close();
   67.                
   68.  +                 } // if mype
   69.                
   70.                }
   71.                

CC-3001 CC: IPA <unnamed>, File = move.h, Line = 193, Column = 11 
  Tiny leaf routine "allocator"(/cray/css/users/smehta/PENNANT-SC/PENNANT/src/WriteXY.cc:131) was textually inlined.

CC-3001 CC: IPA <unnamed>, File = move.h, Line = 193, Column = 11 
  Tiny leaf routine "~allocator"(/cray/css/users/smehta/PENNANT-SC/PENNANT/src/WriteXY.cc:139) was textually inlined.

CC-3001 CC: IPA <unnamed>, File = move.h, Line = 193, Column = 11 
  Tiny leaf routine "_Vector_impl"(/cray/css/users/smehta/PENNANT-SC/PENNANT/src/WriteXY.cc:99) was textually inlined.

CC-6254 CC: VECTOR <unnamed>, File = stl_uninitialized.h, Line = 579 
  A loop was not vectorized because a recurrence was found on "__niter" at line 579.

CC-6254 CC: VECTOR <unnamed>, File = stl_uninitialized.h, Line = 579 
  A loop was not vectorized because a recurrence was found on "__niter" at line 579.

CC-3001 CC: IPA <unnamed>, File = stl_uninitialized.h, Line = 579, Column = 18 
  Tiny routine "vector"(/cray/css/users/smehta/PENNANT-SC/PENNANT/src/WriteXY.cc:415) was textually inlined.  NOT INLINED: 
  __throw_bad_alloc : operator new.

CC-3001 CC: IPA <unnamed>, File = stl_uninitialized.h, Line = 579, Column = 18 
  Tiny routine "~vector"(/cray/css/users/smehta/PENNANT-SC/PENNANT/src/WriteXY.cc:565) was textually inlined.  NOT INLINED: 
  __cxa_call_unexpected.

CC-3001 CC: IPA <unnamed>, File = stl_uninitialized.h, Line = 579, Column = 18 
  Tiny routine "vector"(/cray/css/users/smehta/PENNANT-SC/PENNANT/src/WriteXY.cc:415) was textually inlined.  NOT INLINED: 
  __throw_bad_alloc : operator new.

CC-3001 CC: IPA <unnamed>, File = stl_uninitialized.h, Line = 579, Column = 18 
  Tiny routine "~vector"(/cray/css/users/smehta/PENNANT-SC/PENNANT/src/WriteXY.cc:565) was textually inlined.  NOT INLINED: 
  __cxa_call_unexpected.

CC-3021 CC: IPA write, File = WriteXY.cc, Line = 40, Column = 5 
  "globalSum" was not inlined because the compiler was unable to locate the routine.

CC-6254 CC: VECTOR write, File = WriteXY.cc, Line = 42 
  A loop was not vectorized because a recurrence was found on "__niter" at line 42.

CC-3001 CC: IPA write, File = WriteXY.cc, Line = 42, Column = 17 
  Tiny leaf routine "allocator"(/cray/css/users/smehta/PENNANT-SC/PENNANT/src/WriteXY.cc:131) was textually inlined.

CC-3001 CC: IPA write, File = WriteXY.cc, Line = 42, Column = 17 
  Tiny routine "vector"(/cray/css/users/smehta/PENNANT-SC/PENNANT/src/WriteXY.cc:415) was textually inlined.  NOT INLINED: 
  __throw_bad_alloc : operator new.

CC-3001 CC: IPA write, File = WriteXY.cc, Line = 42, Column = 17 
  Tiny leaf routine "~allocator"(/cray/css/users/smehta/PENNANT-SC/PENNANT/src/WriteXY.cc:139) was textually inlined.

CC-3001 CC: IPA write, File = WriteXY.cc, Line = 43, Column = 5 
  Tiny leaf routine "operator[]"(/cray/css/users/smehta/PENNANT-SC/PENNANT/src/WriteXY.cc:930) was textually inlined.

CC-3021 CC: IPA write, File = WriteXY.cc, Line = 43, Column = 5 
  "gather" was not inlined because the compiler was unable to locate the routine.

CC-6254 CC: VECTOR write, File = WriteXY.cc, Line = 45 
  A loop was not vectorized because a recurrence was found on "__niter" at line 45.

CC-3001 CC: IPA write, File = WriteXY.cc, Line = 45, Column = 20 
  Tiny leaf routine "allocator"(/cray/css/users/smehta/PENNANT-SC/PENNANT/src/WriteXY.cc:131) was textually inlined.

CC-3001 CC: IPA write, File = WriteXY.cc, Line = 45, Column = 20 
  Tiny routine "vector"(/cray/css/users/smehta/PENNANT-SC/PENNANT/src/WriteXY.cc:415) was textually inlined.  NOT INLINED: 
  __throw_bad_alloc : operator new.

CC-3001 CC: IPA write, File = WriteXY.cc, Line = 45, Column = 20 
  Tiny leaf routine "~allocator"(/cray/css/users/smehta/PENNANT-SC/PENNANT/src/WriteXY.cc:139) was textually inlined.

CC-3001 CC: IPA write, File = WriteXY.cc, Line = 45, Column = 32 
  Tiny leaf routine "allocator"(/cray/css/users/smehta/PENNANT-SC/PENNANT/src/WriteXY.cc:131) was textually inlined.

CC-3001 CC: IPA write, File = WriteXY.cc, Line = 45, Column = 32 
  Tiny routine "vector"(/cray/css/users/smehta/PENNANT-SC/PENNANT/src/WriteXY.cc:415) was textually inlined.  NOT INLINED: 
  __throw_bad_alloc : operator new.

CC-3001 CC: IPA write, File = WriteXY.cc, Line = 45, Column = 32 
  Tiny leaf routine "~allocator"(/cray/css/users/smehta/PENNANT-SC/PENNANT/src/WriteXY.cc:139) was textually inlined.

CC-3001 CC: IPA write, File = WriteXY.cc, Line = 45, Column = 44 
  Tiny leaf routine "allocator"(/cray/css/users/smehta/PENNANT-SC/PENNANT/src/WriteXY.cc:131) was textually inlined.

CC-3001 CC: IPA write, File = WriteXY.cc, Line = 45, Column = 44 
  Tiny routine "vector"(/cray/css/users/smehta/PENNANT-SC/PENNANT/src/WriteXY.cc:415) was textually inlined.  NOT INLINED: 
  __throw_bad_alloc : operator new.

CC-3001 CC: IPA write, File = WriteXY.cc, Line = 45, Column = 44 
  Tiny leaf routine "~allocator"(/cray/css/users/smehta/PENNANT-SC/PENNANT/src/WriteXY.cc:139) was textually inlined.

CC-3001 CC: IPA write, File = WriteXY.cc, Line = 46, Column = 5 
  Tiny leaf routine "operator[]"(/cray/css/users/smehta/PENNANT-SC/PENNANT/src/WriteXY.cc:930) was textually inlined.

CC-3001 CC: IPA write, File = WriteXY.cc, Line = 46, Column = 5 
  Tiny leaf routine "operator[]"(/cray/css/users/smehta/PENNANT-SC/PENNANT/src/WriteXY.cc:930) was textually inlined.

CC-3021 CC: IPA write, File = WriteXY.cc, Line = 46, Column = 5 
  "gatherv<double>" was not inlined because the compiler was unable to locate the routine.

CC-3001 CC: IPA write, File = WriteXY.cc, Line = 47, Column = 5 
  Tiny leaf routine "operator[]"(/cray/css/users/smehta/PENNANT-SC/PENNANT/src/WriteXY.cc:930) was textually inlined.

CC-3001 CC: IPA write, File = WriteXY.cc, Line = 47, Column = 5 
  Tiny leaf routine "operator[]"(/cray/css/users/smehta/PENNANT-SC/PENNANT/src/WriteXY.cc:930) was textually inlined.

CC-3021 CC: IPA write, File = WriteXY.cc, Line = 47, Column = 5 
  "gatherv<double>" was not inlined because the compiler was unable to locate the routine.

CC-3001 CC: IPA write, File = WriteXY.cc, Line = 48, Column = 5 
  Tiny leaf routine "operator[]"(/cray/css/users/smehta/PENNANT-SC/PENNANT/src/WriteXY.cc:930) was textually inlined.

CC-3001 CC: IPA write, File = WriteXY.cc, Line = 48, Column = 5 
  Tiny leaf routine "operator[]"(/cray/css/users/smehta/PENNANT-SC/PENNANT/src/WriteXY.cc:930) was textually inlined.

CC-3021 CC: IPA write, File = WriteXY.cc, Line = 48, Column = 5 
  "gatherv<double>" was not inlined because the compiler was unable to locate the routine.

CC-3165 CC: IPA write, File = WriteXY.cc, Line = 51, Column = 16 
  "operator+<char, char_traits<char>, allocator<char>>"(/cray/css/users/smehta/PENNANT-SC/PENNANT/src/WriteXY.cc:5925) was not
  inlined because of deferred implementation - nested Call_Landing_Label_Opr.

CC-3021 CC: IPA write, File = WriteXY.cc, Line = 52, Column = 18 
  "c_str" was not inlined because the compiler was unable to locate the routine.

CC-3021 CC: IPA write, File = WriteXY.cc, Line = 52, Column = 18 
  "<unnamed>" was not inlined because the compiler was unable to locate the routine.

CC-3021 CC: IPA write, File = WriteXY.cc, Line = 53, Column = 9 
  "operator<<" was not inlined because the compiler was unable to locate the routine.

CC-3001 CC: IPA write, File = WriteXY.cc, Line = 53, Column = 9 
  Tiny leaf routine "setprecision"(/cray/css/users/smehta/PENNANT-SC/PENNANT/src/WriteXY.cc:195) was textually inlined.

CC-3021 CC: IPA write, File = WriteXY.cc, Line = 53, Column = 9 
  "operator<<<char, char_traits<char>>" was not inlined because the compiler was unable to locate the routine.

CC-3021 CC: IPA write, File = WriteXY.cc, Line = 54, Column = 9 
  "operator<<<char_traits<char>>" was not inlined because the compiler was unable to locate the routine.

CC-3021 CC: IPA write, File = WriteXY.cc, Line = 54, Column = 9 
  "operator<<" was not inlined because the compiler was unable to locate the routine.

CC-6287 CC: VECTOR write, File = WriteXY.cc, Line = 55 
  A loop was not vectorized because it contains a call to function "std::basic_ostream<T1, T2> & std::operator <<<char,
  std::char_traits<char>>" on line 56.

CC-3001 CC: IPA write, File = WriteXY.cc, Line = 56, Column = 13 
  Tiny leaf routine "setw"(/cray/css/users/smehta/PENNANT-SC/PENNANT/src/WriteXY.cc:225) was textually inlined.

CC-3021 CC: IPA write, File = WriteXY.cc, Line = 56, Column = 13 
  "operator<<<char, char_traits<char>>" was not inlined because the compiler was unable to locate the routine.

CC-3021 CC: IPA write, File = WriteXY.cc, Line = 56, Column = 13 
  "operator<<" was not inlined because the compiler was unable to locate the routine.

CC-3001 CC: IPA write, File = WriteXY.cc, Line = 56, Column = 13 
  Tiny leaf routine "setw"(/cray/css/users/smehta/PENNANT-SC/PENNANT/src/WriteXY.cc:225) was textually inlined.

CC-3021 CC: IPA write, File = WriteXY.cc, Line = 56, Column = 13 
  "operator<<<char, char_traits<char>>" was not inlined because the compiler was unable to locate the routine.

CC-3001 CC: IPA write, File = WriteXY.cc, Line = 56, Column = 13 
  Tiny leaf routine "operator[]"(/cray/css/users/smehta/PENNANT-SC/PENNANT/src/WriteXY.cc:930) was textually inlined.

CC-3021 CC: IPA write, File = WriteXY.cc, Line = 56, Column = 13 
  "operator<<" was not inlined because the compiler was unable to locate the routine.

CC-3021 CC: IPA write, File = WriteXY.cc, Line = 56, Column = 13 
  "operator<<" was not inlined because the compiler was unable to locate the routine.

CC-3021 CC: IPA write, File = WriteXY.cc, Line = 58, Column = 9 
  "operator<<<char_traits<char>>" was not inlined because the compiler was unable to locate the routine.

CC-3021 CC: IPA write, File = WriteXY.cc, Line = 58, Column = 9 
  "operator<<" was not inlined because the compiler was unable to locate the routine.

CC-6287 CC: VECTOR write, File = WriteXY.cc, Line = 59 
  A loop was not vectorized because it contains a call to function "std::basic_ostream<T1, T2> & std::operator <<<char,
  std::char_traits<char>>" on line 60.

CC-3001 CC: IPA write, File = WriteXY.cc, Line = 60, Column = 13 
  Tiny leaf routine "setw"(/cray/css/users/smehta/PENNANT-SC/PENNANT/src/WriteXY.cc:225) was textually inlined.

CC-3021 CC: IPA write, File = WriteXY.cc, Line = 60, Column = 13 
  "operator<<<char, char_traits<char>>" was not inlined because the compiler was unable to locate the routine.

CC-3021 CC: IPA write, File = WriteXY.cc, Line = 60, Column = 13 
  "operator<<" was not inlined because the compiler was unable to locate the routine.

CC-3001 CC: IPA write, File = WriteXY.cc, Line = 60, Column = 13 
  Tiny leaf routine "setw"(/cray/css/users/smehta/PENNANT-SC/PENNANT/src/WriteXY.cc:225) was textually inlined.

CC-3021 CC: IPA write, File = WriteXY.cc, Line = 60, Column = 13 
  "operator<<<char, char_traits<char>>" was not inlined because the compiler was unable to locate the routine.

CC-3001 CC: IPA write, File = WriteXY.cc, Line = 60, Column = 13 
  Tiny leaf routine "operator[]"(/cray/css/users/smehta/PENNANT-SC/PENNANT/src/WriteXY.cc:930) was textually inlined.

CC-3021 CC: IPA write, File = WriteXY.cc, Line = 60, Column = 13 
  "operator<<" was not inlined because the compiler was unable to locate the routine.

CC-3021 CC: IPA write, File = WriteXY.cc, Line = 60, Column = 13 
  "operator<<" was not inlined because the compiler was unable to locate the routine.

CC-3021 CC: IPA write, File = WriteXY.cc, Line = 62, Column = 9 
  "operator<<<char_traits<char>>" was not inlined because the compiler was unable to locate the routine.

CC-3021 CC: IPA write, File = WriteXY.cc, Line = 62, Column = 9 
  "operator<<" was not inlined because the compiler was unable to locate the routine.

CC-6287 CC: VECTOR write, File = WriteXY.cc, Line = 63 
  A loop was not vectorized because it contains a call to function "std::basic_ostream<T1, T2> & std::operator <<<char,
  std::char_traits<char>>" on line 64.

CC-3001 CC: IPA write, File = WriteXY.cc, Line = 64, Column = 13 
  Tiny leaf routine "setw"(/cray/css/users/smehta/PENNANT-SC/PENNANT/src/WriteXY.cc:225) was textually inlined.

CC-3021 CC: IPA write, File = WriteXY.cc, Line = 64, Column = 13 
  "operator<<<char, char_traits<char>>" was not inlined because the compiler was unable to locate the routine.

CC-3021 CC: IPA write, File = WriteXY.cc, Line = 64, Column = 13 
  "operator<<" was not inlined because the compiler was unable to locate the routine.

CC-3001 CC: IPA write, File = WriteXY.cc, Line = 64, Column = 13 
  Tiny leaf routine "setw"(/cray/css/users/smehta/PENNANT-SC/PENNANT/src/WriteXY.cc:225) was textually inlined.

CC-3021 CC: IPA write, File = WriteXY.cc, Line = 64, Column = 13 
  "operator<<<char, char_traits<char>>" was not inlined because the compiler was unable to locate the routine.

CC-3001 CC: IPA write, File = WriteXY.cc, Line = 64, Column = 13 
  Tiny leaf routine "operator[]"(/cray/css/users/smehta/PENNANT-SC/PENNANT/src/WriteXY.cc:930) was textually inlined.

CC-3021 CC: IPA write, File = WriteXY.cc, Line = 64, Column = 13 
  "operator<<" was not inlined because the compiler was unable to locate the routine.

CC-3021 CC: IPA write, File = WriteXY.cc, Line = 64, Column = 13 
  "operator<<" was not inlined because the compiler was unable to locate the routine.

CC-3021 CC: IPA write, File = WriteXY.cc, Line = 66, Column = 9 
  "close" was not inlined because the compiler was unable to locate the routine.

CC-3021 CC: IPA write, File = WriteXY.cc, Line = 68, Column = 5 
  "<unnamed>" was not inlined because the compiler was unable to locate the routine.

CC-3021 CC: IPA write, File = WriteXY.cc, Line = 68, Column = 5 
  "~basic_string" was not inlined because the compiler was unable to locate the routine.


%%%%%%%%%%%%%%%%%%%%%%%%%%%%%%%%%%%%%%%%%%%%%%%%%%%%%%%%%%%%%%%%%%%%%%%%%%%%%%%%
%%%%%%%%%%%%%%%%%%%%%%%%%%%%%%%%%%%%%%%%%%%%%%%%%%%%%%%%%%%%%%%%%%%%%%%%%%%%%%%%
